app/build/intermediates/manifest_merge_blame_file/debug/manifest-merger-blame-debug-report.txt
1<?xml version="1.0" encoding="utf-8"?>
2<manifest xmlns:android="http://schemas.android.com/apk/res/android"
3    package="com.example.droidcafe"
4    android:versionCode="1"
5    android:versionName="1.0" >
6
7    <uses-sdk
8        android:minSdkVersion="21"
8-->src/main/AndroidManifest.xml
9        android:targetSdkVersion="33" />
9-->src/main/AndroidManifest.xml
10
11    <permission
11-->[androidx.core:core:1.9.0] AndroidManifest.xml:22:5-24:47
12        android:name="com.example.droidcafe.DYNAMIC_RECEIVER_NOT_EXPORTED_PERMISSION"
12-->[androidx.core:core:1.9.0] AndroidManifest.xml:23:9-81
13        android:protectionLevel="signature" />
13-->[androidx.core:core:1.9.0] AndroidManifest.xml:24:9-44
14
15    <uses-permission android:name="com.example.droidcafe.DYNAMIC_RECEIVER_NOT_EXPORTED_PERMISSION" />
15-->[androidx.core:core:1.9.0] AndroidManifest.xml:26:5-97
15-->[androidx.core:core:1.9.0] AndroidManifest.xml:26:22-94
16
17    <application
17-->src/main/AndroidManifest.xml:5:5-42:19
18        android:allowBackup="true"
18-->src/main/AndroidManifest.xml:6:9-35
19        android:appComponentFactory="androidx.core.app.CoreComponentFactory"
19-->[androidx.core:core:1.9.0] AndroidManifest.xml:28:18-86
20        android:dataExtractionRules="@xml/data_extraction_rules"
20-->src/main/AndroidManifest.xml:7:9-65
21        android:debuggable="true"
22        android:fullBackupContent="@xml/backup_rules"
22-->src/main/AndroidManifest.xml:8:9-54
23        android:icon="@mipmap/ic_launcher"
23-->src/main/AndroidManifest.xml:9:9-43
24        android:label="@string/app_name"
24-->src/main/AndroidManifest.xml:10:9-41
25        android:roundIcon="@mipmap/ic_launcher_round"
25-->src/main/AndroidManifest.xml:11:9-54
26        android:supportsRtl="true"
26-->src/main/AndroidManifest.xml:12:9-35
27        android:testOnly="true"
28        android:theme="@style/Theme.DroidCafe" >
28-->src/main/AndroidManifest.xml:13:9-47
29        <activity
29-->src/main/AndroidManifest.xml:15:9-21:20
30            android:name="com.example.droidcafe.ReportActivity"
30-->src/main/AndroidManifest.xml:16:13-43
31            android:exported="false" >
31-->src/main/AndroidManifest.xml:17:13-37
32            <meta-data
32-->src/main/AndroidManifest.xml:18:13-20:36
33                android:name="android.app.lib_name"
33-->src/main/AndroidManifest.xml:19:17-52
34                android:value="" />
34-->src/main/AndroidManifest.xml:20:17-33
35        </activity>
36        <activity
36-->src/main/AndroidManifest.xml:22:9-28:20
37            android:name="com.example.droidcafe.OrderActivity"
37-->src/main/AndroidManifest.xml:23:13-42
38            android:exported="false" >
38-->src/main/AndroidManifest.xml:24:13-37
39            <meta-data
39-->src/main/AndroidManifest.xml:18:13-20:36
40                android:name="android.app.lib_name"
40-->src/main/AndroidManifest.xml:19:17-52
41                android:value="" />
41-->src/main/AndroidManifest.xml:20:17-33
42        </activity>
43        <activity
43-->src/main/AndroidManifest.xml:29:9-41:20
44            android:name="com.example.droidcafe.MainActivity"
44-->src/main/AndroidManifest.xml:30:13-41
45            android:exported="true" >
45-->src/main/AndroidManifest.xml:31:13-36
46            <intent-filter>
46-->src/main/AndroidManifest.xml:32:13-36:29
47                <action android:name="android.intent.action.MAIN" />
47-->src/main/AndroidManifest.xml:33:17-69
47-->src/main/AndroidManifest.xml:33:25-66
48
49                <category android:name="android.intent.category.LAUNCHER" />
49-->src/main/AndroidManifest.xml:35:17-77
49-->src/main/AndroidManifest.xml:35:27-74
50            </intent-filter>
51
52            <meta-data
52-->src/main/AndroidManifest.xml:18:13-20:36
53                android:name="android.app.lib_name"
53-->src/main/AndroidManifest.xml:19:17-52
54                android:value="" />
54-->src/main/AndroidManifest.xml:20:17-33
55        </activity>
56
57        <provider
57-->[androidx.emoji2:emoji2:1.2.0] AndroidManifest.xml:24:9-32:20
58            android:name="androidx.startup.InitializationProvider"
58-->[androidx.emoji2:emoji2:1.2.0] AndroidManifest.xml:25:13-67
59            android:authorities="com.example.droidcafe.androidx-startup"
59-->[androidx.emoji2:emoji2:1.2.0] AndroidManifest.xml:26:13-68
60            android:exported="false" >
60-->[androidx.emoji2:emoji2:1.2.0] AndroidManifest.xml:27:13-37
61            <meta-data
61-->[androidx.emoji2:emoji2:1.2.0] AndroidManifest.xml:29:13-31:52
62                android:name="androidx.emoji2.text.EmojiCompatInitializer"
62-->[androidx.emoji2:emoji2:1.2.0] AndroidManifest.xml:30:17-75
63                android:value="androidx.startup" />
63-->[androidx.emoji2:emoji2:1.2.0] AndroidManifest.xml:31:17-49
64            <meta-data
64-->[androidx.lifecycle:lifecycle-process:2.4.1] AndroidManifest.xml:31:13-33:52
65                android:name="androidx.lifecycle.ProcessLifecycleInitializer"
65-->[androidx.lifecycle:lifecycle-process:2.4.1] AndroidManifest.xml:32:17-78
66                android:value="androidx.startup" />
66-->[androidx.lifecycle:lifecycle-process:2.4.1] AndroidManifest.xml:33:17-49
67        </provider>
68    </application>
69
70</manifest>